time="2022-04-20T17:50:45+03:00" level=info msg="create router" func="main.main()" file="main.go:15"
time="2022-04-20T17:50:45+03:00" level=info msg="register user handler" func="main.main()" file="main.go:18"
time="2022-04-20T17:51:43+03:00" level=info msg="create router" func="main.main()" file="main.go:15"
time="2022-04-20T17:51:43+03:00" level=info msg="register user handler" func="main.main()" file="main.go:18"
time="2022-04-24T17:55:09+03:00" level=info msg="create router" func="main.main()" file="main.go:15"
time="2022-04-24T17:55:09+03:00" level=info msg="register user handler" func="main.main()" file="main.go:18"
time="2022-04-24T17:58:12+03:00" level=info msg="create router" func="main.main()" file="main.go:15"
time="2022-04-24T17:58:12+03:00" level=info msg="register user handler" func="main.main()" file="main.go:18"
time="2022-04-24T17:58:12+03:00" level=info msg=START func="main.start()" file="main.go:27"
time="2022-04-24T18:00:13+03:00" level=info msg="create router" func="main.main()" file="main.go:14"
time="2022-04-24T18:00:13+03:00" level=info msg="register user handler" func="main.main()" file="main.go:17"
time="2022-04-24T18:00:13+03:00" level=info msg="start application" func="main.start()" file="main.go:26"
time="2022-04-24T18:00:13+03:00" level=info msg="server is listening port :1234" func="main.start()" file="main.go:39"
time="2022-04-24T19:30:38+03:00" level=info msg="create router" func="main.main()" file="main.go:19"
time="2022-04-24T19:30:38+03:00" level=info msg="getting config" func="rest-api-server/internal/config.GetConfig.func1()" file="config.go:23"
time="2022-04-24T19:30:38+03:00" level=info msg="register user handler" func="main.main()" file="main.go:24"
time="2022-04-24T19:30:38+03:00" level=info msg="start application" func="main.start()" file="main.go:32"
time="2022-04-24T19:30:38+03:00" level=info msg="listen tcp" func="main.start()" file="main.go:50"
time="2022-04-24T19:30:38+03:00" level=info msg="server is listening port 0.0.0.0:10000" func="main.start()" file="main.go:64"
time="2022-04-24T19:31:06+03:00" level=info msg="create router" func="main.main()" file="main.go:19"
time="2022-04-24T19:31:06+03:00" level=info msg="getting config" func="rest-api-server/internal/config.GetConfig.func1()" file="config.go:23"
time="2022-04-24T19:31:06+03:00" level=info msg="register user handler" func="main.main()" file="main.go:24"
time="2022-04-24T19:31:06+03:00" level=info msg="start application" func="main.start()" file="main.go:32"
time="2022-04-24T19:31:06+03:00" level=info msg="listen tcp" func="main.start()" file="main.go:50"
time="2022-04-24T19:31:06+03:00" level=info msg="server is listening port 0.0.0.0:10000" func="main.start()" file="main.go:64"
time="2022-04-24T19:34:40+03:00" level=info msg="create router" func="main.main()" file="main.go:19"
time="2022-04-24T19:34:40+03:00" level=info msg="getting config" func="rest-api-server/internal/config.GetConfig.func1()" file="config.go:23"
time="2022-04-24T19:34:40+03:00" level=info msg="register user handler" func="main.main()" file="main.go:24"
time="2022-04-24T19:34:40+03:00" level=info msg="start application" func="main.start()" file="main.go:32"
time="2022-04-24T19:34:40+03:00" level=info msg="listen tcp" func="main.start()" file="main.go:50"
time="2022-04-24T19:34:40+03:00" level=info msg="server is listening port 0.0.0.0:10000" func="main.start()" file="main.go:52"
time="2022-04-24T19:34:56+03:00" level=info msg="create router" func="main.main()" file="main.go:19"
time="2022-04-24T19:34:56+03:00" level=info msg="getting config" func="rest-api-server/internal/config.GetConfig.func1()" file="config.go:23"
time="2022-04-24T19:34:56+03:00" level=info msg="register user handler" func="main.main()" file="main.go:24"
time="2022-04-24T19:34:56+03:00" level=info msg="start application" func="main.start()" file="main.go:32"
time="2022-04-24T19:34:56+03:00" level=info msg="create socket" func="main.start()" file="main.go:43"
time="2022-04-24T19:34:56+03:00" level=debug msg="socket path: /private/var/folders/5g/6lzp19vs32jd8dd96hkw_bkc0000gn/T/GoLand/app.sock" func="main.start()" file="main.go:45"
time="2022-04-24T19:34:56+03:00" level=info msg="listen unix socket" func="main.start()" file="main.go:47"
time="2022-04-24T19:36:00+03:00" level=info msg="create router" func="main.main()" file="main.go:19"
time="2022-04-24T19:36:00+03:00" level=info msg="getting config" func="rest-api-server/internal/config.GetConfig.func1()" file="config.go:23"
time="2022-04-24T19:36:00+03:00" level=info msg="register user handler" func="main.main()" file="main.go:24"
time="2022-04-24T19:36:00+03:00" level=info msg="start application" func="main.start()" file="main.go:32"
time="2022-04-24T19:36:00+03:00" level=info msg="create socket" func="main.start()" file="main.go:43"
time="2022-04-24T19:36:00+03:00" level=debug msg="socket path: /Users/elmira/Projects/Golang/rest-api-server/build/app.sock" func="main.start()" file="main.go:45"
time="2022-04-24T19:36:00+03:00" level=info msg="listen unix socket" func="main.start()" file="main.go:47"
time="2022-04-24T19:37:34+03:00" level=info msg="create router" func="main.main()" file="main.go:19"
time="2022-04-24T19:37:34+03:00" level=info msg="getting config" func="rest-api-server/internal/config.GetConfig.func1()" file="config.go:23"
time="2022-04-24T19:37:34+03:00" level=info msg="register user handler" func="main.main()" file="main.go:24"
time="2022-04-24T19:37:34+03:00" level=info msg="start application" func="main.start()" file="main.go:32"
time="2022-04-24T19:37:34+03:00" level=info msg="create socket" func="main.start()" file="main.go:43"
time="2022-04-24T19:37:34+03:00" level=debug msg="socket path: /Users/elmira/Projects/Golang/rest-api-server/build/app.sock" func="main.start()" file="main.go:45"
time="2022-04-24T19:37:34+03:00" level=info msg="listen unix socket" func="main.start()" file="main.go:47"
time="2022-04-24T19:37:34+03:00" level=info msg="server is listening unix socket /Users/elmira/Projects/Golang/rest-api-server/build/app.sock" func="main.start()" file="main.go:49"
time="2022-04-24T19:37:34+03:00" level=fatal msg="listen unix /Users/elmira/Projects/Golang/rest-api-server/build/app.sock: bind: address already in use" func="main.start()" file="main.go:59"
time="2022-04-24T19:37:50+03:00" level=info msg="create router" func="main.main()" file="main.go:19"
time="2022-04-24T19:37:50+03:00" level=info msg="getting config" func="rest-api-server/internal/config.GetConfig.func1()" file="config.go:23"
time="2022-04-24T19:37:50+03:00" level=info msg="register user handler" func="main.main()" file="main.go:24"
time="2022-04-24T19:37:50+03:00" level=info msg="start application" func="main.start()" file="main.go:32"
time="2022-04-24T19:37:50+03:00" level=info msg="create socket" func="main.start()" file="main.go:43"
time="2022-04-24T19:37:50+03:00" level=debug msg="socket path: /Users/elmira/Projects/Golang/rest-api-server/build/app.sock" func="main.start()" file="main.go:45"
time="2022-04-24T19:37:50+03:00" level=info msg="listen unix socket" func="main.start()" file="main.go:47"
time="2022-04-24T19:37:50+03:00" level=info msg="server is listening unix socket /Users/elmira/Projects/Golang/rest-api-server/build/app.sock" func="main.start()" file="main.go:49"
time="2022-04-24T19:37:50+03:00" level=fatal msg="listen unix /Users/elmira/Projects/Golang/rest-api-server/build/app.sock: bind: address already in use" func="main.start()" file="main.go:59"
